<?xml version="1.0" encoding="utf-8"?><testsuites name="pytest tests"><testsuite name="pytest" errors="0" failures="0" skipped="0" tests="23" time="5.755" timestamp="2026-02-01T03:15:57.474340+00:00" hostname="agent-env-e840fe5f-b40c-4d33-9efe-2e2046a8852d"><testcase classname="backend.tests.test_bluebay_api.TestHealth" name="test_health_endpoint" time="0.095" /><testcase classname="backend.tests.test_bluebay_api.TestAuthentication" name="test_admin_login" time="0.289" /><testcase classname="backend.tests.test_bluebay_api.TestAuthentication" name="test_driver_login" time="0.262" /><testcase classname="backend.tests.test_bluebay_api.TestAuthentication" name="test_salesman_login" time="0.275" /><testcase classname="backend.tests.test_bluebay_api.TestAuthentication" name="test_invalid_login" time="0.042" /><testcase classname="backend.tests.test_bluebay_api.TestAuthentication" name="test_get_current_user" time="0.302" /><testcase classname="backend.tests.test_bluebay_api.TestShops" name="test_get_shops" time="0.306" /><testcase classname="backend.tests.test_bluebay_api.TestShops" name="test_get_shops_count_27" time="0.303" /><testcase classname="backend.tests.test_bluebay_api.TestShops" name="test_get_districts" time="0.296" /><testcase classname="backend.tests.test_bluebay_api.TestShops" name="test_get_shops_stats" time="0.301" /><testcase classname="backend.tests.test_bluebay_api.TestShops" name="test_search_shops" time="0.296" /><testcase classname="backend.tests.test_bluebay_api.TestVehicles" name="test_get_vehicles" time="0.296" /><testcase classname="backend.tests.test_bluebay_api.TestVehicles" name="test_vehicles_count_3" time="0.337" /><testcase classname="backend.tests.test_bluebay_api.TestVehicles" name="test_vehicles_have_registration" time="0.295" /><testcase classname="backend.tests.test_bluebay_api.TestWarehouses" name="test_get_warehouses" time="0.295" /><testcase classname="backend.tests.test_bluebay_api.TestWarehouses" name="test_warehouses_count_3" time="0.299" /><testcase classname="backend.tests.test_bluebay_api.TestTracking" name="test_get_vehicle_locations" time="0.338" /><testcase classname="backend.tests.test_bluebay_api.TestRoutes" name="test_get_routes" time="0.304" /><testcase classname="backend.tests.test_bluebay_api.TestAnalytics" name="test_get_dashboard_analytics" time="0.322" /><testcase classname="backend.tests.test_bluebay_api.TestSales" name="test_get_sales" time="0.295" /><testcase classname="backend.tests.test_bluebay_api.TestPWA" name="test_manifest_accessible" time="0.045" /><testcase classname="backend.tests.test_bluebay_api.TestPWA" name="test_service_worker_accessible" time="0.038" /><testcase classname="backend.tests.test_bluebay_api.TestNoGoogleMaps" name="test_no_google_maps_in_frontend" time="0.036" /></testsuite></testsuites>